[debug] [2023-09-25T18:30:55.213Z] ----------------------------------------------------------------------
[debug] [2023-09-25T18:30:55.215Z] Command:       C:\Program Files\nodejs\node.exe C:\Users\fried\AppData\Roaming\npm\node_modules\firebase-tools\lib\bin\firebase.js init
[debug] [2023-09-25T18:30:55.216Z] CLI Version:   12.5.4
[debug] [2023-09-25T18:30:55.216Z] Platform:      win32
[debug] [2023-09-25T18:30:55.216Z] Node Version:  v18.17.1
[debug] [2023-09-25T18:30:55.217Z] Time:          Mon Sep 25 2023 14:30:55 GMT-0400 (Eastern Daylight Time)
[debug] [2023-09-25T18:30:55.217Z] ----------------------------------------------------------------------
[debug] 
[debug] [2023-09-25T18:30:55.296Z] > command requires scopes: ["email","openid","https://www.googleapis.com/auth/cloudplatformprojects.readonly","https://www.googleapis.com/auth/firebase","https://www.googleapis.com/auth/cloud-platform"]
[debug] [2023-09-25T18:30:55.302Z] > authorizing via signed-in user (friedmandavid10@gmail.com)
[info] 
     ######## #### ########  ######## ########     ###     ######  ########
     ##        ##  ##     ## ##       ##     ##  ##   ##  ##       ##
     ######    ##  ########  ######   ########  #########  ######  ######
     ##        ##  ##    ##  ##       ##     ## ##     ##       ## ##
     ##       #### ##     ## ######## ########  ##     ##  ######  ########

You're about to initialize a Firebase project in this directory:

  C:\Users\fried\OneDrive\Desktop\mysite

Before we get started, keep in mind:

  * You are initializing within an existing Firebase project directory

[info] 
=== Project Setup
[info] 
[info] First, let's associate this project directory with a Firebase project.
[info] You can create multiple project aliases by running firebase use --add, 
[info] but for now we'll just set up a default project.
[info] 
[debug] [2023-09-25T18:31:10.610Z] Using project from CLI flag: david-friedman
[debug] [2023-09-25T18:31:10.613Z] >>> [apiv2][query] GET https://firebase.googleapis.com/v1beta1/projects/david-friedman [none]
[debug] [2023-09-25T18:31:10.974Z] <<< [apiv2][status] GET https://firebase.googleapis.com/v1beta1/projects/david-friedman 200
[debug] [2023-09-25T18:31:10.974Z] <<< [apiv2][body] GET https://firebase.googleapis.com/v1beta1/projects/david-friedman {"projectId":"david-friedman","projectNumber":"318101549176","displayName":"My Site","name":"projects/david-friedman","resources":{"hostingSite":"david-friedman"},"state":"ACTIVE","etag":"1_910e7277-864d-4196-9614-447f40fa9be7"}
[info] i  Using project david-friedman (My Site) 
[info] 
=== Firestore Setup
[debug] [2023-09-25T18:31:10.988Z] >>> [apiv2][query] GET https://serviceusage.googleapis.com/v1/projects/david-friedman/services/firestore.googleapis.com [none]
[debug] [2023-09-25T18:31:10.988Z] >>> [apiv2][(partial)header] GET https://serviceusage.googleapis.com/v1/projects/david-friedman/services/firestore.googleapis.com x-goog-quota-user=projects/david-friedman
[debug] [2023-09-25T18:31:11.467Z] <<< [apiv2][status] GET https://serviceusage.googleapis.com/v1/projects/david-friedman/services/firestore.googleapis.com 200
[debug] [2023-09-25T18:31:11.468Z] <<< [apiv2][body] GET https://serviceusage.googleapis.com/v1/projects/david-friedman/services/firestore.googleapis.com [omitted]
[debug] [2023-09-25T18:31:11.468Z] >>> [apiv2][query] GET https://firestore.googleapis.com/v1/projects/david-friedman/databases/(default) [none]
[debug] [2023-09-25T18:31:11.773Z] <<< [apiv2][status] GET https://firestore.googleapis.com/v1/projects/david-friedman/databases/(default) 200
[debug] [2023-09-25T18:31:11.773Z] <<< [apiv2][body] GET https://firestore.googleapis.com/v1/projects/david-friedman/databases/(default) {"name":"projects/david-friedman/databases/(default)","uid":"a635978a-435c-49af-9425-aad988cc8600","createTime":"2023-09-25T17:59:58.104942Z","updateTime":"2023-09-25T17:59:58.104942Z","locationId":"nam5","type":"FIRESTORE_NATIVE","concurrencyMode":"PESSIMISTIC","versionRetentionPeriod":"3600s","earliestVersionTime":"2023-09-25T17:59:58.104942Z","appEngineIntegrationMode":"DISABLED","keyPrefix":"s","pointInTimeRecoveryEnablement":"POINT_IN_TIME_RECOVERY_DISABLED","deleteProtectionState":"DELETE_PROTECTION_DISABLED","etag":"IP/G0cyyxoEDMIzQgvWtxoED"}
[debug] [2023-09-25T18:31:11.773Z] database_type: FIRESTORE_NATIVE
[debug] [2023-09-25T18:31:11.774Z] > command requires scopes: ["email","openid","https://www.googleapis.com/auth/cloudplatformprojects.readonly","https://www.googleapis.com/auth/firebase","https://www.googleapis.com/auth/cloud-platform"]
[debug] [2023-09-25T18:31:11.775Z] > authorizing via signed-in user (friedmandavid10@gmail.com)
[debug] [2023-09-25T18:31:11.775Z] [iam] checking project david-friedman for permissions ["firebase.projects.get"]
[debug] [2023-09-25T18:31:11.777Z] >>> [apiv2][query] POST https://cloudresourcemanager.googleapis.com/v1/projects/david-friedman:testIamPermissions [none]
[debug] [2023-09-25T18:31:11.777Z] >>> [apiv2][(partial)header] POST https://cloudresourcemanager.googleapis.com/v1/projects/david-friedman:testIamPermissions x-goog-quota-user=projects/david-friedman
[debug] [2023-09-25T18:31:11.777Z] >>> [apiv2][body] POST https://cloudresourcemanager.googleapis.com/v1/projects/david-friedman:testIamPermissions {"permissions":["firebase.projects.get"]}
[debug] [2023-09-25T18:31:12.089Z] <<< [apiv2][status] POST https://cloudresourcemanager.googleapis.com/v1/projects/david-friedman:testIamPermissions 200
[debug] [2023-09-25T18:31:12.089Z] <<< [apiv2][body] POST https://cloudresourcemanager.googleapis.com/v1/projects/david-friedman:testIamPermissions {"permissions":["firebase.projects.get"]}
[info] 
[info] Firestore Security Rules allow you to define how and when to allow
[info] requests. You can keep these rules in your project directory
[info] and publish them with firebase deploy.
[info] 
[info] 
[info] Firestore indexes allow you to perform complex queries while
[info] maintaining performance that scales with the size of the result
[info] set. You can keep index definitions in your project directory
[info] and publish them with firebase deploy.
[info] 
[debug] [2023-09-25T18:31:26.506Z] >>> [apiv2][query] GET https://firestore.googleapis.com/v1/projects/david-friedman/databases/(default)/collectionGroups/-/indexes [none]
[debug] [2023-09-25T18:31:26.509Z] >>> [apiv2][query] GET https://firestore.googleapis.com/v1/projects/david-friedman/databases/(default)/collectionGroups/-/fields?filter=indexConfig.usesAncestorConfig=false OR ttlConfig:* [none]
[debug] [2023-09-25T18:31:26.841Z] <<< [apiv2][status] GET https://firestore.googleapis.com/v1/projects/david-friedman/databases/(default)/collectionGroups/-/fields?filter=indexConfig.usesAncestorConfig=false OR ttlConfig:* 200
[debug] [2023-09-25T18:31:26.841Z] <<< [apiv2][body] GET https://firestore.googleapis.com/v1/projects/david-friedman/databases/(default)/collectionGroups/-/fields?filter=indexConfig.usesAncestorConfig=false OR ttlConfig:* {"fields":[{"name":"projects/david-friedman/databases/(default)/collectionGroups/__default__/fields/*","indexConfig":{"indexes":[{"queryScope":"COLLECTION","fields":[{"fieldPath":"*","order":"ASCENDING"}],"state":"READY"},{"queryScope":"COLLECTION","fields":[{"fieldPath":"*","order":"DESCENDING"}],"state":"READY"},{"queryScope":"COLLECTION","fields":[{"fieldPath":"*","arrayConfig":"CONTAINS"}],"state":"READY"}]}}]}
[debug] [2023-09-25T18:31:26.857Z] <<< [apiv2][status] GET https://firestore.googleapis.com/v1/projects/david-friedman/databases/(default)/collectionGroups/-/indexes 200
[debug] [2023-09-25T18:31:26.857Z] <<< [apiv2][body] GET https://firestore.googleapis.com/v1/projects/david-friedman/databases/(default)/collectionGroups/-/indexes {}
[info] 
=== Hosting Setup
[info] 
[info] Your public directory is the folder (relative to your project directory) that
[info] will contain Hosting assets to be uploaded with firebase deploy. If you
[info] have a build process for your assets, use your build's output directory.
[info] 
[debug] [2023-09-25T18:31:44.232Z] >>> [apiv2][query] GET https://www.gstatic.com/firebasejs/releases.json [none]
[debug] [2023-09-25T18:31:44.342Z] <<< [apiv2][status] GET https://www.gstatic.com/firebasejs/releases.json 200
[debug] [2023-09-25T18:31:44.343Z] <<< [apiv2][body] GET https://www.gstatic.com/firebasejs/releases.json {"current":{"version":"10.4.0","browserURL":"https://www.gstatic.com/firebasejs/10.4.0/firebase.js","packageURL":"https://www.gstatic.com/firebasejs/10.4.0/firebase.tgz"},"live":{"version":"10.4","browserURL":"https://www.gstatic.com/firebasejs/live/10.4/firebase.js","packageURL":"https://www.gstatic.com/firebasejs/live/10.4/firebase.tgz"},"components":{"analytics":"https://www.gstatic.com/firebasejs/10.4.0/firebase-analytics.js","app":"https://www.gstatic.com/firebasejs/10.4.0/firebase-app.js","app-check":"https://www.gstatic.com/firebasejs/10.4.0/firebase-app-check.js","auth":"https://www.gstatic.com/firebasejs/10.4.0/firebase-auth.js","auth/cordova":"https://www.gstatic.com/firebasejs/10.4.0/firebase-auth/cordova.js","functions":"https://www.gstatic.com/firebasejs/10.4.0/firebase-functions.js","firestore":"https://www.gstatic.com/firebasejs/10.4.0/firebase-firestore.js","firestore/lite":"https://www.gstatic.com/firebasejs/10.4.0/firebase-firestore/lite.js","installations":"https://www.gstatic.com/firebasejs/10.4.0/firebase-installations.js","storage":"https://www.gstatic.com/firebasejs/10.4.0/firebase-storage.js","performance":"https://www.gstatic.com/firebasejs/10.4.0/firebase-performance.js","remote-config":"https://www.gstatic.com/firebasejs/10.4.0/firebase-remote-config.js","messaging":"https://www.gstatic.com/firebasejs/10.4.0/firebase-messaging.js","messaging/sw":"https://www.gstatic.com/firebasejs/10.4.0/firebase-messaging/sw.js","database":"https://www.gstatic.com/firebasejs/10.4.0/firebase-database.js","firestore.memory":"https://www.gstatic.com/firebasejs/10.4.0/firebase-firestore.memory.js"}}
[info] +  Wrote public/index.html 
[info] 
[info] i  Detected a .git folder at C:\Users\fried\OneDrive\Desktop\mysite 
[info] i  Authorizing with GitHub to upload your service account to a GitHub repository's secrets store. 
[info] 
[info] Visit this URL on this device to log in:
[info] https://github.com/login/oauth/authorize?client_id=89cf50f02ac6aaed3484&state=817045902&redirect_uri=http%3A%2F%2Flocalhost%3A9005&scope=read%3Auser%20repo%20public_repo
[info] 
[info] Waiting for authentication...
[debug] [2023-09-25T18:31:48.006Z] >>> [apiv2][query] POST https://github.com/login/oauth/access_token [none]
[debug] [2023-09-25T18:31:48.007Z] >>> [apiv2][body] POST https://github.com/login/oauth/access_token [stream]
[debug] [2023-09-25T18:31:48.281Z] <<< [apiv2][status] POST https://github.com/login/oauth/access_token 200
[debug] [2023-09-25T18:31:48.281Z] <<< [apiv2][body] POST https://github.com/login/oauth/access_token {"access_token":"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","token_type":"bearer","scope":"read:user,repo"}
[debug] [2023-09-25T18:31:48.296Z] >>> [apiv2][query] GET https://api.github.com/user [none]
[debug] [2023-09-25T18:31:48.516Z] <<< [apiv2][status] GET https://api.github.com/user 200
[debug] [2023-09-25T18:31:48.517Z] <<< [apiv2][body] GET https://api.github.com/user {"login":"dfriedman10","id":46524495,"node_id":"MDQ6VXNlcjQ2NTI0NDk1","avatar_url":"https://avatars.githubusercontent.com/u/46524495?v=4","gravatar_id":"","url":"https://api.github.com/users/dfriedman10","html_url":"https://github.com/dfriedman10","followers_url":"https://api.github.com/users/dfriedman10/followers","following_url":"https://api.github.com/users/dfriedman10/following{/other_user}","gists_url":"https://api.github.com/users/dfriedman10/gists{/gist_id}","starred_url":"https://api.github.com/users/dfriedman10/starred{/owner}{/repo}","subscriptions_url":"https://api.github.com/users/dfriedman10/subscriptions","organizations_url":"https://api.github.com/users/dfriedman10/orgs","repos_url":"https://api.github.com/users/dfriedman10/repos","events_url":"https://api.github.com/users/dfriedman10/events{/privacy}","received_events_url":"https://api.github.com/users/dfriedman10/received_events","type":"User","site_admin":false,"name":null,"company":null,"blog":"","location":null,"email":null,"hireable":null,"bio":null,"twitter_username":null,"public_repos":16,"public_gists":0,"followers":5,"following":0,"created_at":"2019-01-09T11:10:46Z","updated_at":"2023-09-06T17:37:11Z","private_gists":0,"total_private_repos":16,"owned_private_repos":16,"disk_usage":353004,"collaborators":1,"two_factor_authentication":false,"plan":{"name":"free","space":976562499,"collaborators":0,"private_repos":10000}}
[info] 
[info] +  Success! Logged into GitHub as dfriedman10 
[info] 
[debug] [2023-09-25T18:32:18.606Z] >>> [apiv2][query] GET https://api.github.com/repos//actions/secrets/public-key type=owner
[debug] [2023-09-25T18:32:18.752Z] <<< [apiv2][status] GET https://api.github.com/repos//actions/secrets/public-key 404
[debug] [2023-09-25T18:32:18.752Z] <<< [apiv2][body] GET https://api.github.com/repos//actions/secrets/public-key {"message":"Not Found","documentation_url":"https://docs.github.com/rest"}
[info] 
[info] 
[error] !  The provided authorization cannot be used with this repository. If this repository is in an organization, did you remember to grant access? 
[info] 
[info] i  Action required: Visit this URL to ensure access has been granted to the appropriate organization(s) for the Firebase CLI GitHub OAuth App: 
[info] https://github.com/settings/connections/applications/89cf50f02ac6aaed3484
[info] 
